"../../../../../Unreal Projects/TestProject/Content/FirstPerson/Character/Mesh/SK_Mannequin_Arms_Skeleton.uasset" 0
"../../../../../Unreal Projects/TestProject/Content/FirstPerson/Animations/FirstPerson_Idle.uasset" 1
"../../../../../Unreal Projects/TestProject/Content/FirstPerson/Animations/FirstPerson_JumpEnd.uasset" 2
"../../../../../Unreal Projects/TestProject/Content/FirstPerson/Animations/FirstPerson_JumpLoop.uasset" 3
"../../../../../Unreal Projects/TestProject/Content/FirstPerson/Animations/FirstPerson_JumpStart.uasset" 4
"../../../../../Unreal Projects/TestProject/Content/FirstPerson/Animations/FirstPerson_Run.uasset" 5
"../../../Engine/Content/EditorBlueprintResources/StandardMacros.uasset" 6
"../../../../../Unreal Projects/TestProject/Content/FirstPerson/Animations/FirstPerson_AnimBP.uasset" 7
"../../../../../Unreal Projects/TestProject/Content/FirstPerson/Character/Mesh/FirstPersonAnimBlueprint_Copy.uasset" 8
"../../../../../Unreal Projects/TestProject/Content/FirstPerson/Character/Textures/UE4_LOGO_CARD.uasset" 9
"../../../../../Unreal Projects/TestProject/Content/FirstPerson/FPWeapon/Materials/MaterialLayers/ML_Plastic_Shiny_Beige_LOGO.uasset" 10
"../../../../../Unreal Projects/TestProject/Content/FirstPerson/FPWeapon/Materials/MaterialLayers/T_ML_FineRubber.uasset" 11
"../../../../../Unreal Projects/TestProject/Content/FirstPerson/FPWeapon/Mesh/SK_FPGun_PhysicsAsset.uasset" 12
"../../../../../Unreal Projects/TestProject/Content/FirstPersonBP/FirstPersonOverview.uasset" 13
"../../../../../Unreal Projects/TestProject/Content/Geometry/Meshes/CubeMaterial.uasset" 14
"../../../../../Unreal Projects/TestProject/Content/Geometry/Meshes/1M_Cube_Chamfer.uasset" 15
"../../../../../Unreal Projects/TestProject/Content/Geometry/Meshes/TemplateFloor.uasset" 16
"../../../../../Unreal Projects/TestProject/Content/StarterContent/Materials/M_Basic_Wall.uasset" 17
"../../../../../Unreal Projects/TestProject/Content/StarterContent/Architecture/Pillar_50x500.uasset" 18
"../../../../../Unreal Projects/TestProject/Content/StarterContent/Architecture/Wall_400x300.uasset" 19
"../../../../../Unreal Projects/TestProject/Content/StarterContent/Architecture/Wall_400x400.uasset" 20
"../../../../../Unreal Projects/TestProject/Content/StarterContent/Architecture/Wall_500x500.uasset" 21
"../../../../../Unreal Projects/TestProject/Content/StarterContent/Architecture/Wall_Door_400x400.uasset" 22
"../../../../../Unreal Projects/TestProject/Content/StarterContent/Architecture/Wall_Window_400x400.uasset" 23
"../../../../../Unreal Projects/TestProject/Content/StarterContent/Audio/Collapse01.uasset" 24
"../../../../../Unreal Projects/TestProject/Content/StarterContent/Audio/Collapse02.uasset" 25
"../../../../../Unreal Projects/TestProject/Content/StarterContent/Audio/Explosion01.uasset" 26
"../../../../../Unreal Projects/TestProject/Content/StarterContent/Audio/Explosion02.uasset" 27
"../../../../../Unreal Projects/TestProject/Content/StarterContent/Audio/Fire01.uasset" 28
"../../../../../Unreal Projects/TestProject/Content/StarterContent/Audio/Fire_Sparks01.uasset" 29
"../../../../../Unreal Projects/TestProject/Content/StarterContent/Audio/Light01.uasset" 30
"../../../../../Unreal Projects/TestProject/Content/StarterContent/Audio/Light01_Cue.uasset" 31
"../../../../../Unreal Projects/TestProject/Content/StarterContent/Audio/Light02.uasset" 32
"../../../../../Unreal Projects/TestProject/Content/StarterContent/Audio/Light02_Cue.uasset" 33
"../../../../../Unreal Projects/TestProject/Content/StarterContent/Audio/Smoke01.uasset" 34
"../../../../../Unreal Projects/TestProject/Content/StarterContent/Audio/Starter_Birds01.uasset" 35
"../../../../../Unreal Projects/TestProject/Content/StarterContent/Audio/Starter_Music01.uasset" 36
"../../../../../Unreal Projects/TestProject/Content/StarterContent/Audio/Starter_Wind05.uasset" 37
"../../../../../Unreal Projects/TestProject/Content/StarterContent/Audio/Starter_Wind06.uasset" 38
"../../../../../Unreal Projects/TestProject/Content/StarterContent/Audio/Steam01.uasset" 39
"../../../../../Unreal Projects/TestProject/Content/StarterContent/Audio/Explosion_Cue.uasset" 40
"../../../../../Unreal Projects/TestProject/Content/StarterContent/Textures/T_Burst_M.uasset" 41
"../../../../../Unreal Projects/TestProject/Content/StarterContent/Particles/Materials/M_Burst.uasset" 42
"../../../../../Unreal Projects/TestProject/Content/StarterContent/Textures/T_Explosion_SubUV.uasset" 43
"../../../../../Unreal Projects/TestProject/Content/StarterContent/Particles/Materials/M_explosion_subUV.uasset" 44
"../../../../../Unreal Projects/TestProject/Content/StarterContent/Particles/Materials/m_flare_01.uasset" 45
"../../../Engine/Content/Functions/Engine_MaterialFunctions01/Gradient/RadialGradient.uasset" 46
"../../../../../Unreal Projects/TestProject/Content/StarterContent/Particles/Materials/M_radial_ramp.uasset" 47
"../../../../../Unreal Projects/TestProject/Content/StarterContent/Textures/T_Smoke_SubUV.uasset" 48
"../../../../../Unreal Projects/TestProject/Content/StarterContent/Textures/T_Smoke_Tiled_D.uasset" 49
"../../../../../Unreal Projects/TestProject/Content/StarterContent/Particles/Materials/M_smoke_subUV.uasset" 50
"../../../../../Unreal Projects/TestProject/Content/StarterContent/Particles/P_Explosion.uasset" 51
"../../../../../Unreal Projects/TestProject/Content/StarterContent/Blueprints/Blueprint_Effect_Explosion.uasset" 52
"../../../Engine/Content/EditorMeshes/ColorCalibrator/T_ColorGrid.uasset" 53
"../../../../../Unreal Projects/TestProject/Content/StarterContent/Materials/M_ColorGrid_LowSpec.uasset" 54
"../../../../../Unreal Projects/TestProject/Content/StarterContent/Textures/T_Bush_D.uasset" 55
"../../../../../Unreal Projects/TestProject/Content/StarterContent/Textures/T_Bush_N.uasset" 56
"../../../../../Unreal Projects/TestProject/Content/StarterContent/Props/Materials/M_Bush.uasset" 57
"../../../../../Unreal Projects/TestProject/Content/StarterContent/Props/SM_Bush.uasset" 58
"../../../../../Unreal Projects/TestProject/Content/StarterContent/Textures/T_Chair_M.uasset" 59
"../../../../../Unreal Projects/TestProject/Content/StarterContent/Textures/T_Chair_N.uasset" 60
"../../../../../Unreal Projects/TestProject/Content/StarterContent/Props/Materials/M_Chair.uasset" 61
"../../../../../Unreal Projects/TestProject/Content/StarterContent/Props/SM_Couch.uasset" 62
"../../../../../Unreal Projects/TestProject/Content/StarterContent/Materials/M_Glass.uasset" 63
"../../../../../Unreal Projects/TestProject/Content/StarterContent/Textures/T_Door_M.uasset" 64
"../../../../../Unreal Projects/TestProject/Content/StarterContent/Textures/T_Door_N.uasset" 65
"../../../../../Unreal Projects/TestProject/Content/StarterContent/Props/Materials/M_Door.uasset" 66
"../../../../../Unreal Projects/TestProject/Content/StarterContent/Props/SM_Door.uasset" 67
"../../../../../Unreal Projects/TestProject/Content/StarterContent/Props/Materials/M_MaterialSphere.uasset" 68
"../../../../../Unreal Projects/TestProject/Content/StarterContent/Props/Materials/M_MaterialSphere_Plain.uasset" 69
"../../../../../Unreal Projects/TestProject/Content/StarterContent/Props/SM_MatPreviewMesh_02.uasset" 70
"../../../Engine/Content/Functions/Engine_MaterialFunctions02/Utility/BlendAngleCorrectedNormals.uasset" 71
"../../../../../Unreal Projects/TestProject/Content/StarterContent/Textures/T_Detail_Rocky_N.uasset" 72
"../../../../../Unreal Projects/TestProject/Content/StarterContent/Textures/T_Rock_Basalt_D.uasset" 73
"../../../../../Unreal Projects/TestProject/Content/StarterContent/Textures/T_RockMesh_M.uasset" 74
"../../../../../Unreal Projects/TestProject/Content/StarterContent/Textures/T_RockMesh_N.uasset" 75
"../../../../../Unreal Projects/TestProject/Content/StarterContent/Props/Materials/M_Rock.uasset" 76
"../../../../../Unreal Projects/TestProject/Content/StarterContent/Props/SM_Rock.uasset" 77
"../../../../../Unreal Projects/TestProject/Content/StarterContent/Textures/T_Shelf_M.uasset" 78
"../../../../../Unreal Projects/TestProject/Content/StarterContent/Textures/T_Shelf_N.uasset" 79
"../../../../../Unreal Projects/TestProject/Content/StarterContent/Props/Materials/M_Shelf.uasset" 80
"../../../../../Unreal Projects/TestProject/Content/StarterContent/Props/SM_Shelf.uasset" 81
"../../../../../Unreal Projects/TestProject/Content/StarterContent/Materials/M_Basic_Floor.uasset" 82
"../../../../../Unreal Projects/TestProject/Content/StarterContent/Props/SM_Stairs.uasset" 83
"../../../../../Unreal Projects/TestProject/Content/StarterContent/Shapes/Shape_Cone.uasset" 84
"../../../../../Unreal Projects/TestProject/Content/StarterContent/Shapes/Shape_Cylinder.uasset" 85
"../../../../../Unreal Projects/TestProject/Content/StarterContent/Shapes/Shape_NarrowCapsule.uasset" 86
"../../../../../Unreal Projects/TestProject/Content/StarterContent/Shapes/Shape_Pipe.uasset" 87
"../../../../../Unreal Projects/TestProject/Content/StarterContent/Shapes/Shape_Pipe_180.uasset" 88
"../../../../../Unreal Projects/TestProject/Content/StarterContent/Shapes/Shape_Pipe_90.uasset" 89
"../../../../../Unreal Projects/TestProject/Content/StarterContent/Shapes/Shape_Torus.uasset" 90
"../../../../../Unreal Projects/TestProject/Content/StarterContent/Shapes/Shape_Trim.uasset" 91
"../../../../../Unreal Projects/TestProject/Content/StarterContent/Shapes/Shape_Trim_90_In.uasset" 92
"../../../../../Unreal Projects/TestProject/Content/StarterContent/Shapes/Shape_Trim_90_Out.uasset" 93
"../../../../../Unreal Projects/TestProject/Content/StarterContent/Shapes/Shape_TriPyramid.uasset" 94
"../../../../../Unreal Projects/TestProject/Content/StarterContent/Shapes/Shape_Tube.uasset" 95
"../../../../../Unreal Projects/TestProject/Content/StarterContent/Shapes/Shape_Wedge_A.uasset" 96
"../../../../../Unreal Projects/TestProject/Content/StarterContent/Shapes/Shape_Wedge_B.uasset" 97
"../../../../../Unreal Projects/TestProject/Content/StarterContent/Shapes/Shape_WideCapsule.uasset" 98
"../../../Engine/Content/Animation/DefaultAnimBoneCompressionSettings.uasset" 99
"../../../Engine/Content/Animation/DefaultAnimCurveCompressionSettings.uasset" 100
"../../../Engine/Content/Functions/Engine_MaterialFunctions01/Opacity/CameraDepthFade.uasset" 101
"../../../Engine/Content/EngineMaterials/T_Default_Material_Grid_M.uasset" 102
"../../../Engine/Content/EngineMaterials/T_Default_Material_Grid_N.uasset" 103
"../../../Engine/Content/EngineMaterials/WorldGridMaterial.uasset" 104
"../../../Engine/Content/ArtTools/RenderToTexture/Meshes/S_1_Unit_Plane.uasset" 105
"../../../Engine/Content/EngineMaterials/DefaultMaterial.uasset" 106
"../../../Engine/Content/BasicShapes/Cone.uasset" 107
"../../../Engine/Content/BasicShapes/Cylinder.uasset" 108
"../../../Engine/Content/BasicShapes/Plane.uasset" 109
"../../../Engine/Content/BasicShapes/Sphere.uasset" 110
"../../../Engine/Content/EditorLandscapeResources/DataLayer.uasset" 111
"../../../Engine/Content/EditorMaterials/MAT_Groups_Toggle.uasset" 112
"../../../Engine/Content/EditorMaterials/MAT_Groups_Visibility.uasset" 113
"../../../Engine/Content/EditorMaterials/PreviewShadowIndicator.uasset" 114
"../../../Engine/Content/EditorMaterials/PreviewShadowIndicatorMaterial.uasset" 115
"../../../Engine/Content/EditorMaterials/MatineeGroups/MAT_ColorTrack.uasset" 116
"../../../Engine/Content/EditorMaterials/MatineeGroups/MAT_Groups_Anim.uasset" 117
"../../../Engine/Content/EditorMaterials/MatineeGroups/MAT_Groups_AudioMaster.uasset" 118
"../../../Engine/Content/EditorMaterials/MatineeGroups/MAT_Groups_Director.uasset" 119
"../../../Engine/Content/EditorMaterials/MatineeGroups/MAT_Groups_Event.uasset" 120
"../../../Engine/Content/EditorMaterials/MatineeGroups/MAT_Groups_Fade.uasset" 121
"../../../Engine/Content/EditorMaterials/MatineeGroups/MAT_Groups_Float.uasset" 122
"../../../Engine/Content/EditorMaterials/MatineeGroups/MAT_Groups_Move.uasset" 123
"../../../Engine/Content/EditorMaterials/MatineeGroups/MAT_Groups_Slomo.uasset" 124
"../../../Engine/Content/EditorMaterials/MatineeGroups/MAT_Groups_Sound.uasset" 125
"../../../Engine/Content/EditorMaterials/MatineeGroups/MAT_Groups_Vector.uasset" 126
"../../../Engine/Content/EditorMaterials/ParticleSystems/PSysThumbnail_NoImage.uasset" 127
"../../../Engine/Content/EditorMaterials/ParticleSystems/PSysThumbnail_OOD.uasset" 128
"../../../Engine/Content/EditorMaterials/Camera/CineMat.uasset" 129
"../../../Engine/Content/EditorMaterials/Camera/MI_CineMat_Rig.uasset" 130
"../../../Engine/Content/EditorMeshes/Camera/SM_CraneRig_Arm.uasset" 131
"../../../Engine/Content/EditorMeshes/Camera/SM_CraneRig_Base.uasset" 132
"../../../Engine/Content/EditorMeshes/Camera/SM_CraneRig_Body.uasset" 133
"../../../Engine/Content/EditorMeshes/Camera/SM_CraneRig_Mount.uasset" 134
"../../../Engine/Content/EditorMeshes/Camera/SM_RailRig_Mount.uasset" 135
"../../../Engine/Content/EditorMeshes/Camera/SM_RailRig_Track.uasset" 136
"../../../Engine/Content/EditorResources/BSPVertex.uasset" 137
"../../../Engine/Content/EditorResources/EmptyActor.uasset" 138
"../../../Engine/Content/EditorResources/S_Actor.uasset" 139
"../../../Engine/Content/EditorResources/S_Note.uasset" 140
"../../../Engine/Content/EditorResources/S_Solver.uasset" 141
"../../../Engine/Content/EditorResources/S_Trigger.uasset" 142
"../../../Engine/Content/EditorResources/AudioIcons/S_AudioComponent.uasset" 143
"../../../Engine/Content/EditorResources/AudioIcons/S_AudioComponent_AutoActivate.uasset" 144
"../../../Engine/Content/EditorResources/LightIcons/S_LightError.uasset" 145
"../../../Engine/Content/EditorResources/SequenceRecorder/Countdown.uasset" 146
"../../../Engine/Content/EditorResources/SequenceRecorder/RecordingIndicator.uasset" 147
"../../../Engine/Content/EditorSounds/Notifications/CompileFailed.uasset" 148
"../../../Engine/Content/EditorSounds/Notifications/CompileFailed_Cue.uasset" 149
"../../../Engine/Content/EditorSounds/Notifications/CompileSuccess.uasset" 150
"../../../Engine/Content/EditorSounds/Notifications/CompileStart_Cue.uasset" 151
"../../../Engine/Content/EditorSounds/Notifications/CompileSuccess_Cue.uasset" 152
"../../../Engine/Content/EngineDamageTypes/DmgTypeBP_Environmental.uasset" 153
"../../../Engine/Content/EngineDebugMaterials/DebugEditorMaterial.uasset" 154
"../../../Engine/Content/EngineDebugMaterials/DebugMeshMaterial.uasset" 155
"../../../Engine/Content/EngineDebugMaterials/M_SimpleUnlitTranslucent.uasset" 156
"../../../Engine/Content/Functions/Engine_MaterialFunctions02/Utility/CameraDirectionVector.uasset" 157
"../../../Engine/Content/EngineDebugMaterials/VolumeToRender.uasset" 158
"../../../Engine/Content/EngineDebugMaterials/M_VolumeRenderSphereTracePP.uasset" 159
"../../../Engine/Content/EngineDebugMaterials/WireframeMaterial.uasset" 160
"../../../Engine/Content/EngineFonts/Faces/DroidSansFallback.uasset" 161
"../../../Engine/Content/EngineFonts/Faces/RobotoBold.uasset" 162
"../../../Engine/Content/EngineFonts/Faces/RobotoBoldItalic.uasset" 163
"../../../Engine/Content/EngineFonts/Faces/RobotoItalic.uasset" 164
"../../../Engine/Content/EngineFonts/Faces/RobotoLight.uasset" 165
"../../../Engine/Content/EngineFonts/Faces/RobotoRegular.uasset" 166
"../../../Engine/Content/EngineFonts/Roboto.uasset" 167
"../../../Engine/Content/EngineMaterials/BaseFlattenDiffuseMap.uasset" 168
"../../../Engine/Content/EngineMaterials/BaseFlattenEmissiveMap.uasset" 169
"../../../Engine/Content/EngineMaterials/BaseFlattenGrayscaleMap.uasset" 170
"../../../Engine/Content/EngineMaterials/BaseFlattenNormalMap.uasset" 171
"../../../Engine/Content/EngineMaterials/BaseFlattenMaterial.uasset" 172
"../../../Engine/Content/EngineMaterials/BlueNoise.uasset" 173
"../../../Engine/Content/EngineMaterials/DefaultBloomKernel.uasset" 174
"../../../Engine/Content/EngineMaterials/DefaultBokeh.uasset" 175
"../../../Engine/Content/EngineMaterials/DefaultDiffuse.uasset" 176
"../../../Engine/Content/EngineMaterials/DefaultDeferredDecalMaterial.uasset" 177
"../../../Engine/Content/EngineMaterials/DefaultLightFunctionMaterial.uasset" 178
"../../../Engine/Content/EngineMaterials/DefaultPhysicalMaterial.uasset" 179
"../../../Engine/Content/Functions/Engine_MaterialFunctions02/Utility/BreakOutFloat2Components.uasset" 180
"../../../Engine/Content/EngineMaterials/DefaultPostProcessMaterial.uasset" 181
"../../../Engine/Content/EngineFonts/RobotoDistanceField.uasset" 182
"../../../Engine/Content/EngineMaterials/DefaultTextMaterialOpaque.uasset" 183
"../../../Engine/Content/EngineMaterials/DefaultWhiteGrid.uasset" 184
"../../../Engine/Content/EngineMaterials/DefaultWhiteGrid_Low.uasset" 185
"../../../Engine/Content/EngineMaterials/EmissiveMeshMaterial.uasset" 186
"../../../Engine/Content/EngineMaterials/GizmoMaterial.uasset" 187
"../../../Engine/Content/EngineMaterials/Good64x64TilingNoiseHighFreq.uasset" 188
"../../../Engine/Content/EngineMaterials/MiniFont.uasset" 189
"../../../Engine/Content/EngineMaterials/InvalidLightmapSettings.uasset" 190
"../../../Engine/Content/EngineMaterials/M_InvalidLightmapSettings.uasset" 191
"../../../Engine/Content/Functions/Engine_MaterialFunctions02/WorldPositionOffset/CameraOffset.uasset" 192
"../../../Engine/Content/EngineMaterials/PhAT_JointLimitMaterial.uasset" 193
"../../../Engine/Content/EngineMaterials/PreintegratedSkinBRDF.uasset" 194
"../../../Engine/Content/EngineMaterials/RemoveSurfaceMaterial.uasset" 195
"../../../Engine/Content/EngineMaterials/WeightMapPlaceholderTexture.uasset" 196
"../../../Engine/Content/EngineResources/WhiteSquareTexture.uasset" 197
"../../../Engine/Content/EngineMaterials/Widget3DPassThrough.uasset" 198
"../../../Engine/Content/EngineMaterials/Widget3DPassThrough_Masked.uasset" 199
"../../../Engine/Content/EngineMaterials/Widget3DPassThrough_Opaque.uasset" 200
"../../../Engine/Content/EngineMaterials/Widget3DPassThrough_Masked_OneSided.uasset" 201
"../../../Engine/Content/EngineMaterials/Widget3DPassThrough_Opaque_OneSided.uasset" 202
"../../../Engine/Content/EngineMaterials/Widget3DPassThrough_Translucent.uasset" 203
"../../../Engine/Content/EngineMaterials/Widget3DPassThrough_Translucent_OneSided.uasset" 204
"../../../Engine/Content/EngineMeshes/Cylinder.uasset" 205
"../../../Engine/Content/EngineMeshes/Sphere.uasset" 206
"../../../Engine/Content/EngineResources/Black.uasset" 207
"../../../Engine/Content/EngineResources/DefaultTexture.uasset" 208
"../../../Engine/Content/EngineResources/DefaultTextureCube.uasset" 209
"../../../Engine/Content/EngineResources/DefaultVolumeTexture2D.uasset" 210
"../../../Engine/Content/EngineResources/DefaultVolumeTexture.uasset" 211
"../../../Engine/Content/EngineResources/GradientTexture0.uasset" 212
"../../../Engine/Content/EngineSounds/Master.uasset" 213
"../../../Engine/Content/Functions/Engine_MaterialFunctions01/Shading/ConvertFromDiffSpec.uasset" 214
"../../../Engine/Content/Functions/Engine_MaterialFunctions01/Shading/PowerToRoughness.uasset" 215
"../../../Engine/Content/Maps/Templates/Thumbnails/Default.uasset" 216
"../../../Engine/Content/Maps/Templates/Thumbnails/TimeOfDay.uasset" 217
"../../../Engine/Content/Maps/Templates/Thumbnails/VR-Basic.uasset" 218
"../../../Engine/Content/MobileResources/T_MobileControls_texture.uasset" 219
"../../../Engine/Content/MobileResources/T_MobileMenu2.uasset" 220
"../../../Engine/Content/MobileResources/HUD/AnalogHat.uasset" 221
"../../../Engine/Content/MobileResources/HUD/VirtualJoystick_Background.uasset" 222
"../../../Engine/Content/MobileResources/HUD/VirtualJoystick_Thumb.uasset" 223
"../../../Engine/Content/MobileResources/HUD/DefaultVirtualJoysticks.uasset" 224
"../../../Engine/Content/MobileResources/HUD/LeftVirtualJoystickOnly.uasset" 225
"../../../Engine/Content/MobileResources/HUD/MobileHUDButton1_off.uasset" 226
"../../../Engine/Content/MobileResources/HUD/MobileHUDButton1_on.uasset" 227
"../../../Engine/Content/MobileResources/HUD/MobileHUDButton2_off.uasset" 228
"../../../Engine/Content/MobileResources/HUD/MobileHUDButton2_on.uasset" 229
"../../../Engine/Content/MobileResources/HUD/MobileHUDButton3.uasset" 230
"../../../Engine/Content/MobileResources/HUD/MobileHUDButtonFire.uasset" 231
"../../../Engine/Content/MobileResources/HUD/MobileHUDDirectionPad.uasset" 232
"../../../Engine/Content/MobileResources/HUD/MobileHUDDirectionPad2.uasset" 233
"../../../Engine/Content/MobileResources/HUD/MobileHUDDirectionPad3.uasset" 234
"../../../Engine/Content/MobileResources/HUD/MobileHUDDirectionStick.uasset" 235
"../../../Engine/Content/MobileResources/HUD/T_Castle_ThumbstickInner.uasset" 236
"../../../Engine/Content/MobileResources/HUD/T_Castle_ThumbstickOutter.uasset" 237
"../../../Engine/Content/Tutorial/ContentIntroCurve.uasset" 238
"../../../Engine/Content/Tutorial/Basics/LevelEditorAttract.uasset" 239
"../../../Engine/Content/Tutorial/Basics/TutorialAssets/icon_tab_Levels_40x.uasset" 240
"../../../Engine/Content/Tutorial/Basics/LevelEditorOverview.uasset" 241
"../../../Engine/Content/Tutorial/BlueprintTutorials/TutorialAssets/Blueprint_64x.uasset" 242
"../../../Engine/Content/Tutorial/BlueprintTutorials/LevelBlueprintEditorOverview.uasset" 243
"../../../Engine/Content/Tutorial/Installation/InstallingVisualStudioTutorial.uasset" 244
"../../../Engine/Content/VREditor/LaserPointer/VR_LaserPower_01.uasset" 245
"../../../Engine/Content/VREditor/TransformGizmo/TransformGizmoMaterial.uasset" 246
"../../../Engine/Content/VREditor/TransformGizmo/TranslucentTransformGizmoMaterial.uasset" 247
"../../../Engine/Content/VREditor/TransformGizmo/BoundingBoxCorner.uasset" 248
"../../../Engine/Content/VREditor/TransformGizmo/BoundingBoxEdge.uasset" 249
"../../../Engine/Content/VREditor/TransformGizmo/PlaneTranslationHandle.uasset" 250
"../../../Engine/Content/VREditor/TransformGizmo/Main.uasset" 251
"../../../Engine/Content/VREditor/TransformGizmo/Xray.uasset" 252
"../../../Engine/Content/VREditor/TransformGizmo/SM_Sequencer_Key.uasset" 253
"../../../Engine/Content/VREditor/TransformGizmo/SM_Sequencer_Node.uasset" 254
"../../Plugins/2D/Paper2D/Content/PlaceholderTextures/DummySpriteTexture.uasset" 255
"../../Plugins/2D/Paper2D/Content/DummySprite.uasset" 256
"../../Plugins/2D/Paper2D/Content/DefaultPaperTerrainMaterial.uasset" 257
"../../Plugins/2D/Paper2D/Content/DefaultSpriteMaterial.uasset" 258
"../../Plugins/2D/Paper2D/Content/MaskedUnlitSpriteMaterial.uasset" 259
"../../Plugins/2D/Paper2D/Content/OpaqueUnlitSpriteMaterial.uasset" 260
"../../Plugins/FX/Niagara/Content/Enums/ENiagaraBooleanLogicOps.uasset" 261
"../../Plugins/FX/Niagara/Content/Enums/ENiagaraCoordinateSpace.uasset" 262
"../../Plugins/FX/Niagara/Content/Enums/ENiagaraExpansionMode.uasset" 263
"../../Plugins/FX/Niagara/Content/Enums/ENiagaraOrientationAxis.uasset" 264
"../../Plugins/FX/Niagara/Content/Enums/ENiagaraRandomnessMode.uasset" 265
"../../../Engine/Content/Functions/Engine_MaterialFunctions02/Utility/BreakOutFloat4Components.uasset" 266
"../../../Engine/Content/Functions/Engine_MaterialFunctions02/Utility/MakeFloat2.uasset" 267
"../../../Engine/Content/Functions/Engine_MaterialFunctions02/Utility/MakeFloat3.uasset" 268
"../../Plugins/Runtime/Oculus/OculusVR/Content/Materials/OculusMR_ChromaKey.uasset" 269
"../../Plugins/Runtime/Oculus/OculusVR/Content/Materials/OculusMR_ChromaKey_Lit.uasset" 270
"../../Plugins/Runtime/Oculus/OculusVR/Content/Materials/OculusMR_OpaqueColoredMaterial.uasset" 271
"../../Plugins/Runtime/Oculus/OculusVR/Content/Materials/OculusMR_WhiteMaterial.uasset" 272
"../../../../../Unreal Projects/TestProject/Content/FirstPerson/Animations/FirstPerson_Fire.uasset" 273
"../../../../../Unreal Projects/TestProject/Content/FirstPerson/Animations/FirstPersonFire_Montage.uasset" 274
"../../../../../Unreal Projects/TestProject/Content/FirstPerson/Meshes/BaseMaterial.uasset" 275
"../../../../../Unreal Projects/TestProject/Content/FirstPerson/Meshes/FirstPersonProjectileMaterial.uasset" 276
"../../../../../Unreal Projects/TestProject/Content/FirstPerson/Meshes/FirstPersonProjectileMesh.uasset" 277
"../../../../../Unreal Projects/TestProject/Content/FirstPersonBP/Blueprints/FirstPersonProjectile.uasset" 278
"../../../../../Unreal Projects/TestProject/Content/FirstPerson/Audio/FirstPersonTemplateWeaponFire02.uasset" 279
"../../../Engine/Content/Functions/MaterialLayerFunctions/MatLayerBlend_NormalBlend.uasset" 280
"../../../Engine/Content/Functions/MaterialLayerFunctions/MatLayerBlend_Simple.uasset" 281
"../../../../../Unreal Projects/TestProject/Content/FirstPerson/Character/Materials/MaterialLayers/T_ML_Rubber_Blue_01_D.uasset" 282
"../../../../../Unreal Projects/TestProject/Content/FirstPerson/Character/Materials/MaterialLayers/T_ML_Rubber_Blue_01_N.uasset" 283
"../../../../../Unreal Projects/TestProject/Content/FirstPerson/Character/Materials/MaterialLayers/ML_GlossyBlack_Latex_UE4.uasset" 284
"../../../../../Unreal Projects/TestProject/Content/FirstPerson/Character/Materials/MaterialLayers/ML_Plastic_Shiny_Beige.uasset" 285
"../../../../../Unreal Projects/TestProject/Content/FirstPerson/Character/Materials/MaterialLayers/ML_Plastic_Shiny_Beige_LOGO.uasset" 286
"../../../../../Unreal Projects/TestProject/Content/FirstPerson/Character/Materials/MaterialLayers/T_ML_Aluminum01.uasset" 287
"../../../../../Unreal Projects/TestProject/Content/FirstPerson/Character/Materials/MaterialLayers/T_ML_Aluminum01_N.uasset" 288
"../../../../../Unreal Projects/TestProject/Content/FirstPerson/Character/Materials/MaterialLayers/ML_SoftMetal_UE4.uasset" 289
"../../../../../Unreal Projects/TestProject/Content/FirstPerson/Character/Textures/UE4_Mannequin__normals.uasset" 290
"../../../../../Unreal Projects/TestProject/Content/FirstPerson/Character/Textures/UE4_Mannequin_MAT_MASKA.uasset" 291
"../../../../../Unreal Projects/TestProject/Content/FirstPerson/Character/Materials/M_UE4Man_Body.uasset" 292
"../../../../../Unreal Projects/TestProject/Content/FirstPerson/Character/Mesh/SK_Mannequin_Arms_PhysicsAsset.uasset" 293
"../../../../../Unreal Projects/TestProject/Content/FirstPerson/Character/Mesh/SK_Mannequin_Arms.uasset" 294
"../../../../../Unreal Projects/TestProject/Content/FirstPerson/FPWeapon/Materials/MaterialLayers/T_ML_Rubber_Blue_01_D.uasset" 295
"../../../../../Unreal Projects/TestProject/Content/FirstPerson/FPWeapon/Materials/MaterialLayers/T_ML_Rubber_Blue_01_N.uasset" 296
"../../../../../Unreal Projects/TestProject/Content/FirstPerson/FPWeapon/Materials/MaterialLayers/ML_GlossyBlack_Latex_UE4.uasset" 297
"../../../../../Unreal Projects/TestProject/Content/FirstPerson/FPWeapon/Materials/MaterialLayers/ML_Plastic_Shiny_Beige.uasset" 298
"../../../../../Unreal Projects/TestProject/Content/FirstPerson/FPWeapon/Materials/MaterialLayers/ML_Screen.uasset" 299
"../../../../../Unreal Projects/TestProject/Content/FirstPerson/FPWeapon/Materials/MaterialLayers/T_ML_Aluminum01.uasset" 300
"../../../../../Unreal Projects/TestProject/Content/FirstPerson/FPWeapon/Materials/MaterialLayers/T_ML_Aluminum01_N.uasset" 301
"../../../../../Unreal Projects/TestProject/Content/FirstPerson/FPWeapon/Materials/MaterialLayers/ML_SoftMetal_UE4.uasset" 302
"../../../../../Unreal Projects/TestProject/Content/FirstPerson/FPWeapon/Textures/T_FPGun_M.uasset" 303
"../../../../../Unreal Projects/TestProject/Content/FirstPerson/FPWeapon/Textures/T_FPGun_N.uasset" 304
"../../../../../Unreal Projects/TestProject/Content/FirstPerson/FPWeapon/Materials/M_FPGun.uasset" 305
"../../../../../Unreal Projects/TestProject/Content/FirstPerson/FPWeapon/Mesh/SK_FPGun_Skeleton.uasset" 306
"../../../../../Unreal Projects/TestProject/Content/FirstPerson/FPWeapon/Mesh/SK_FPGun.uasset" 307
"../../../../../Unreal Projects/TestProject/Content/FirstPersonBP/Blueprints/FirstPersonCharacter.uasset" 308
"../../../Engine/Content/EngineSky/C_Sky_Cloud_Color.uasset" 309
"../../../Engine/Content/EngineSky/C_Sky_Horizon_Color.uasset" 310
"../../../Engine/Content/EngineSky/C_Sky_Zenith_Color.uasset" 311
"../../../Engine/Content/EngineSky/T_Sky_Blue.uasset" 312
"../../../Engine/Content/EngineSky/T_Sky_Clouds_M.uasset" 313
"../../../Engine/Content/EngineSky/T_Sky_Stars.uasset" 314
"../../../Engine/Content/EngineSky/M_Sky_Panning_Clouds2.uasset" 315
"../../../Engine/Content/EngineSky/SM_SkySphere.uasset" 316
"../../../Engine/Content/EngineSky/BP_Sky_Sphere.uasset" 317
"../../../../../Unreal Projects/TestProject/Content/FirstPerson/Textures/FirstPersonCrosshair.uasset" 318
"../../../../../Unreal Projects/TestProject/Content/FirstPersonBP/Blueprints/FirstPersonHUD.uasset" 319
"../../../../../Unreal Projects/TestProject/Content/FirstPersonBP/Blueprints/FirstPersonGameMode.uasset" 320
"../../../Engine/Content/Functions/Engine_MaterialFunctions01/Texturing/ScaleUVsByCenter.uasset" 321
"../../../Engine/Content/Functions/Engine_MaterialFunctions02/ScreenResolution.uasset" 322
"../../../Engine/Content/Functions/Engine_MaterialFunctions02/Texturing/ScreenAlignedUVs.uasset" 323
"../../../../../Unreal Projects/TestProject/Content/FirstPersonBP/Blueprints/Portal1_viiew.uasset" 324
"../../../../../Unreal Projects/TestProject/Content/FirstPersonBP/Blueprints/Portal1_viiew_Mat.uasset" 325
"../../../../../Unreal Projects/TestProject/Content/FirstPersonBP/Blueprints/Portal2_view.uasset" 326
"../../../../../Unreal Projects/TestProject/Content/StarterContent/Textures/T_Frame_M.uasset" 327
"../../../../../Unreal Projects/TestProject/Content/StarterContent/Textures/T_Frame_N.uasset" 328
"../../../../../Unreal Projects/TestProject/Content/StarterContent/Props/Materials/M_Frame.uasset" 329
"../../../../../Unreal Projects/TestProject/Content/StarterContent/Props/SM_DoorFrame.uasset" 330
"../../../../../Unreal Projects/TestProject/Content/StarterContent/Shapes/Shape_Plane.uasset" 331
"../../../../../Unreal Projects/TestProject/Content/FirstPersonBP/Blueprints/Portal.uasset" 332
"../../../../../Unreal Projects/TestProject/Content/FirstPersonBP/Blueprints/Portal2_view_Mat.uasset" 333
"../../../../../Unreal Projects/TestProject/Content/FirstPersonBP/Blueprints/Portal2.uasset" 334
"../../../../../Unreal Projects/TestProject/Content/FirstPersonBP/Maps/FeatureTests_BuiltData.uasset" 335
"../../../Engine/Content/BasicShapes/BasicShapeMaterial.uasset" 336
"../../../Engine/Content/Functions/Engine_MaterialFunctions03/Procedurals/ComputeFilterWidth.uasset" 337
"../../../Engine/Content/EngineMaterials/AntiAliasedTextMaterialTranslucent.uasset" 338
"../../../../../Unreal Projects/TestProject/Content/FirstPerson/Meshes/CubeMaterialOverride.uasset" 339
"../../../Engine/Content/BasicShapes/Cube.uasset" 340
"../../../../../Unreal Projects/TestProject/Content/Geometry/Meshes/1M_Cube.uasset" 341
"../../../../../Unreal Projects/TestProject/Content/FirstPersonBP/Maps/FeatureTests.umap" 342
"../../../../../Unreal Projects/TestProject/Content/StarterContent/Blueprints/Assets/FogBrightnessLUT.uasset" 343
"../../../../../Unreal Projects/TestProject/Content/StarterContent/Blueprints/Assets/SunlightColorLUT.uasset" 344
"../../../../../Unreal Projects/TestProject/Content/StarterContent/Blueprints/Assets/M_LightStage_Arrows.uasset" 345
"../../../Engine/Content/MapTemplates/Sky/DaylightAmbientCubemap.uasset" 346
"../../../../../Unreal Projects/TestProject/Content/StarterContent/Blueprints/Assets/M_LightStage_Skybox_Master.uasset" 347
"../../../../../Unreal Projects/TestProject/Content/StarterContent/Blueprints/Assets/M_LightStage_Skybox_Black.uasset" 348
"../../../../../Unreal Projects/TestProject/Content/StarterContent/Blueprints/Assets/M_LightStage_Skybox_HDRI.uasset" 349
"../../../Engine/Content/EditorMaterials/Thumbnails/SkySphereMaterial.uasset" 350
"../../../../../Unreal Projects/TestProject/Content/StarterContent/Blueprints/Assets/Skybox.uasset" 351
"../../../../../Unreal Projects/TestProject/Content/StarterContent/Blueprints/Assets/SM_Arrows.uasset" 352
"../../../../../Unreal Projects/TestProject/Content/StarterContent/HDRI/HDRI_Epic_Courtyard_Daylight.uasset" 353
"../../../../../Unreal Projects/TestProject/Content/StarterContent/Blueprints/BP_LightStudio.uasset" 354
"../../../../../Unreal Projects/TestProject/Content/StarterContent/Maps/Advanced_Lighting_BuiltData.uasset" 355
"../../../../../Unreal Projects/TestProject/Content/StarterContent/Materials/M_AssetPlatform.uasset" 356
"../../../Engine/Content/EditorMeshes/ColorCalibrator/M_ChromeBall.uasset" 357
"../../../Engine/Content/EditorMeshes/ColorCalibrator/M_ClearCoat.uasset" 358
"../../../Engine/Content/EditorMeshes/ColorCalibrator/M_ClearCoatBlack.uasset" 359
"../../../Engine/Content/EditorMeshes/ColorCalibrator/Color_checker.uasset" 360
"../../../Engine/Content/EditorMeshes/ColorCalibrator/M_ColorGrid.uasset" 361
"../../../Engine/Content/EditorMeshes/ColorCalibrator/M_GreyBall.uasset" 362
"../../../Engine/Content/EditorMeshes/ColorCalibrator/SM_ColorCalibrator.uasset" 363
"../../../../../Unreal Projects/TestProject/Content/StarterContent/Architecture/SM_AssetPlatform.uasset" 364
"../../../../../Unreal Projects/TestProject/Content/StarterContent/Maps/Advanced_Lighting.umap" 365
"../../../../../Unreal Projects/TestProject/Content/StarterContent/Maps/Minimal_Default_BuiltData.uasset" 366
"../../../../../Unreal Projects/TestProject/Content/StarterContent/Textures/T_MacroVariation.uasset" 367
"../../../../../Unreal Projects/TestProject/Content/StarterContent/Materials/M_Metal_Brushed_Nickel.uasset" 368
"../../../../../Unreal Projects/TestProject/Content/StarterContent/Textures/T_Metal_Aluminum_D.uasset" 369
"../../../../../Unreal Projects/TestProject/Content/StarterContent/Textures/T_Metal_Gold_N.uasset" 370
"../../../../../Unreal Projects/TestProject/Content/StarterContent/Materials/M_Metal_Burnished_Steel.uasset" 371
"../../../../../Unreal Projects/TestProject/Content/StarterContent/Textures/T_Metal_Copper_D.uasset" 372
"../../../../../Unreal Projects/TestProject/Content/StarterContent/Materials/M_Metal_Copper.uasset" 373
"../../../../../Unreal Projects/TestProject/Content/StarterContent/Textures/T_Statue_M.uasset" 374
"../../../../../Unreal Projects/TestProject/Content/StarterContent/Textures/T_Statue_N.uasset" 375
"../../../../../Unreal Projects/TestProject/Content/StarterContent/Props/Materials/M_StatueGlass.uasset" 376
"../../../../../Unreal Projects/TestProject/Content/StarterContent/Architecture/Floor_400x400.uasset" 377
"../../../../../Unreal Projects/TestProject/Content/StarterContent/Audio/Starter_Background_Cue.uasset" 378
"../../../../../Unreal Projects/TestProject/Content/StarterContent/Props/SM_Chair.uasset" 379
"../../../../../Unreal Projects/TestProject/Content/StarterContent/Props/Materials/M_Statue.uasset" 380
"../../../../../Unreal Projects/TestProject/Content/StarterContent/Props/SM_Statue.uasset" 381
"../../../../../Unreal Projects/TestProject/Content/StarterContent/Textures/T_TableRound_M.uasset" 382
"../../../../../Unreal Projects/TestProject/Content/StarterContent/Textures/T_TableRound_N.uasset" 383
"../../../../../Unreal Projects/TestProject/Content/StarterContent/Props/Materials/M_TableRound.uasset" 384
"../../../../../Unreal Projects/TestProject/Content/StarterContent/Props/SM_TableRound.uasset" 385
"../../../../../Unreal Projects/TestProject/Content/StarterContent/Maps/Minimal_Default.umap" 386
"../../../../../Unreal Projects/TestProject/Content/StarterContent/Audio/Fire01_Cue.uasset" 387
"../../../../../Unreal Projects/TestProject/Content/StarterContent/Textures/T_Fire_SubUV.uasset" 388
"../../../../../Unreal Projects/TestProject/Content/StarterContent/Textures/T_Fire_Tiled_D.uasset" 389
"../../../../../Unreal Projects/TestProject/Content/StarterContent/Particles/Materials/M_Fire_SubUV.uasset" 390
"../../../../../Unreal Projects/TestProject/Content/StarterContent/Textures/T_Water_N.uasset" 391
"../../../../../Unreal Projects/TestProject/Content/StarterContent/Particles/Materials/M_Heat_Distortion.uasset" 392
"../../../../../Unreal Projects/TestProject/Content/StarterContent/Particles/Materials/M_Radial_Gradient.uasset" 393
"../../../../../Unreal Projects/TestProject/Content/StarterContent/Particles/P_Fire.uasset" 394
"../../../../../Unreal Projects/TestProject/Content/StarterContent/Blueprints/Blueprint_Effect_Fire.uasset" 395
"../../../../../Unreal Projects/TestProject/Content/StarterContent/Audio/Smoke01_Cue.uasset" 396
"../../../../../Unreal Projects/TestProject/Content/StarterContent/Particles/P_Smoke.uasset" 397
"../../../../../Unreal Projects/TestProject/Content/StarterContent/Blueprints/Blueprint_Effect_Smoke.uasset" 398
"../../../../../Unreal Projects/TestProject/Content/StarterContent/Audio/Fire_Sparks01_Cue.uasset" 399
"../../../../../Unreal Projects/TestProject/Content/StarterContent/Textures/T_Spark_Core.uasset" 400
"../../../../../Unreal Projects/TestProject/Content/StarterContent/Particles/Materials/M_Spark.uasset" 401
"../../../../../Unreal Projects/TestProject/Content/StarterContent/Particles/P_Sparks.uasset" 402
"../../../../../Unreal Projects/TestProject/Content/StarterContent/Blueprints/Blueprint_Effect_Sparks.uasset" 403
"../../../../../Unreal Projects/TestProject/Content/StarterContent/Audio/Steam01_Cue.uasset" 404
"../../../../../Unreal Projects/TestProject/Content/StarterContent/Particles/P_Steam_Lit.uasset" 405
"../../../../../Unreal Projects/TestProject/Content/StarterContent/Blueprints/Blueprint_Effect_Steam.uasset" 406
"../../../../../Unreal Projects/TestProject/Content/StarterContent/Textures/T_Lamp_M.uasset" 407
"../../../../../Unreal Projects/TestProject/Content/StarterContent/Textures/T_Lamp_N.uasset" 408
"../../../../../Unreal Projects/TestProject/Content/StarterContent/Props/Materials/M_Lamp.uasset" 409
"../../../../../Unreal Projects/TestProject/Content/StarterContent/Props/SM_Lamp_Ceiling.uasset" 410
"../../../../../Unreal Projects/TestProject/Content/StarterContent/Blueprints/Blueprint_CeilingLight.uasset" 411
"../../../../../Unreal Projects/TestProject/Content/StarterContent/Props/SM_Lamp_Wall.uasset" 412
"../../../../../Unreal Projects/TestProject/Content/StarterContent/Blueprints/Blueprint_WallSconce.uasset" 413
"../../../../../Unreal Projects/TestProject/Content/StarterContent/Maps/StarterMap_BuiltData.uasset" 414
"../../../../../Unreal Projects/TestProject/Content/StarterContent/Textures/T_Brick_Clay_Beveled_D.uasset" 415
"../../../../../Unreal Projects/TestProject/Content/StarterContent/Textures/T_Brick_Clay_Beveled_M.uasset" 416
"../../../../../Unreal Projects/TestProject/Content/StarterContent/Textures/T_Brick_Clay_Beveled_N.uasset" 417
"../../../../../Unreal Projects/TestProject/Content/StarterContent/Materials/M_Brick_Clay_Beveled.uasset" 418
"../../../../../Unreal Projects/TestProject/Content/StarterContent/Textures/T_Brick_Clay_New_D.uasset" 419
"../../../../../Unreal Projects/TestProject/Content/StarterContent/Textures/T_Brick_Clay_New_M.uasset" 420
"../../../../../Unreal Projects/TestProject/Content/StarterContent/Textures/T_Brick_Clay_New_N.uasset" 421
"../../../../../Unreal Projects/TestProject/Content/StarterContent/Materials/M_Brick_Clay_New.uasset" 422
"../../../../../Unreal Projects/TestProject/Content/StarterContent/Textures/T_Brick_Clay_Old_D.uasset" 423
"../../../../../Unreal Projects/TestProject/Content/StarterContent/Textures/T_Brick_Clay_Old_N.uasset" 424
"../../../../../Unreal Projects/TestProject/Content/StarterContent/Textures/T_Perlin_Noise_M.uasset" 425
"../../../../../Unreal Projects/TestProject/Content/StarterContent/Materials/M_Brick_Clay_Old.uasset" 426
"../../../../../Unreal Projects/TestProject/Content/StarterContent/Textures/T_Brick_Cut_Stone_D.uasset" 427
"../../../../../Unreal Projects/TestProject/Content/StarterContent/Textures/T_Brick_Cut_Stone_N.uasset" 428
"../../../../../Unreal Projects/TestProject/Content/StarterContent/Materials/M_Brick_Cut_Stone.uasset" 429
"../../../../../Unreal Projects/TestProject/Content/StarterContent/Textures/T_Brick_Hewn_Stone_D.uasset" 430
"../../../../../Unreal Projects/TestProject/Content/StarterContent/Textures/T_Brick_Hewn_Stone_M.uasset" 431
"../../../../../Unreal Projects/TestProject/Content/StarterContent/Textures/T_Brick_Hewn_Stone_N.uasset" 432
"../../../../../Unreal Projects/TestProject/Content/StarterContent/Materials/M_Brick_Hewn_Stone.uasset" 433
"../../../../../Unreal Projects/TestProject/Content/StarterContent/Textures/T_Ceramic_Tile_M.uasset" 434
"../../../../../Unreal Projects/TestProject/Content/StarterContent/Textures/T_Ceramic_Tile_N.uasset" 435
"../../../../../Unreal Projects/TestProject/Content/StarterContent/Textures/T_Rock_Marble_Polished_D.uasset" 436
"../../../../../Unreal Projects/TestProject/Content/StarterContent/Materials/M_Ceramic_Tile_Checker.uasset" 437
"../../../../../Unreal Projects/TestProject/Content/StarterContent/Textures/T_CobbleStone_Pebble_D.uasset" 438
"../../../../../Unreal Projects/TestProject/Content/StarterContent/Textures/T_CobbleStone_Pebble_M.uasset" 439
"../../../../../Unreal Projects/TestProject/Content/StarterContent/Textures/T_CobbleStone_Pebble_N.uasset" 440
"../../../../../Unreal Projects/TestProject/Content/StarterContent/Materials/M_CobbleStone_Pebble.uasset" 441
"../../../../../Unreal Projects/TestProject/Content/StarterContent/Textures/T_CobbleStone_Rough_D.uasset" 442
"../../../../../Unreal Projects/TestProject/Content/StarterContent/Textures/T_CobbleStone_Rough_N.uasset" 443
"../../../../../Unreal Projects/TestProject/Content/StarterContent/Textures/T_Gradinet_01.uasset" 444
"../../../../../Unreal Projects/TestProject/Content/StarterContent/Textures/T_Rock_Smooth_Granite_D.uasset" 445
"../../../../../Unreal Projects/TestProject/Content/StarterContent/Materials/M_CobbleStone_Rough.uasset" 446
"../../../../../Unreal Projects/TestProject/Content/StarterContent/Textures/T_CobbleStone_Smooth_D.uasset" 447
"../../../../../Unreal Projects/TestProject/Content/StarterContent/Textures/T_CobbleStone_Smooth_M.uasset" 448
"../../../../../Unreal Projects/TestProject/Content/StarterContent/Textures/T_CobbleStone_Smooth_N.uasset" 449
"../../../../../Unreal Projects/TestProject/Content/StarterContent/Materials/M_CobbleStone_Smooth.uasset" 450
"../../../../../Unreal Projects/TestProject/Content/StarterContent/Textures/T_Concrete_Grime_D.uasset" 451
"../../../../../Unreal Projects/TestProject/Content/StarterContent/Textures/T_Metal_Rust_N.uasset" 452
"../../../../../Unreal Projects/TestProject/Content/StarterContent/Materials/M_Concrete_Grime.uasset" 453
"../../../../../Unreal Projects/TestProject/Content/StarterContent/Textures/T_Concrete_Panels_D.uasset" 454
"../../../../../Unreal Projects/TestProject/Content/StarterContent/Textures/T_Concrete_Panels_N.uasset" 455
"../../../../../Unreal Projects/TestProject/Content/StarterContent/Materials/M_Concrete_Panels.uasset" 456
"../../../../../Unreal Projects/TestProject/Content/StarterContent/Textures/T_Concrete_Poured_D.uasset" 457
"../../../../../Unreal Projects/TestProject/Content/StarterContent/Textures/T_Concrete_Poured_N.uasset" 458
"../../../../../Unreal Projects/TestProject/Content/StarterContent/Materials/M_Concrete_Poured.uasset" 459
"../../../../../Unreal Projects/TestProject/Content/StarterContent/Textures/T_Concrete_Tiles_D.uasset" 460
"../../../../../Unreal Projects/TestProject/Content/StarterContent/Textures/T_Concrete_Tiles_M.uasset" 461
"../../../../../Unreal Projects/TestProject/Content/StarterContent/Textures/T_Concrete_Tiles_N.uasset" 462
"../../../../../Unreal Projects/TestProject/Content/StarterContent/Textures/T_Concrete_Tiles_Variation_M.uasset" 463
"../../../../../Unreal Projects/TestProject/Content/StarterContent/Materials/M_Concrete_Tiles.uasset" 464
"../../../../../Unreal Projects/TestProject/Content/StarterContent/Textures/T_Ground_Grass_D.uasset" 465
"../../../../../Unreal Projects/TestProject/Content/StarterContent/Textures/T_Ground_Grass_N.uasset" 466
"../../../../../Unreal Projects/TestProject/Content/StarterContent/Materials/M_Ground_Grass.uasset" 467
"../../../../../Unreal Projects/TestProject/Content/StarterContent/Textures/T_Ground_Gravel_D.uasset" 468
"../../../../../Unreal Projects/TestProject/Content/StarterContent/Textures/T_Ground_Gravel_N.uasset" 469
"../../../../../Unreal Projects/TestProject/Content/StarterContent/Materials/M_Ground_Gravel.uasset" 470
"../../../../../Unreal Projects/TestProject/Content/StarterContent/Textures/T_ground_Moss_D.uasset" 471
"../../../../../Unreal Projects/TestProject/Content/StarterContent/Textures/T_Ground_Moss_N.uasset" 472
"../../../../../Unreal Projects/TestProject/Content/StarterContent/Materials/M_Ground_Moss.uasset" 473
"../../../../../Unreal Projects/TestProject/Content/StarterContent/Materials/M_Metal_Chrome.uasset" 474
"../../../../../Unreal Projects/TestProject/Content/StarterContent/Textures/T_Metal_Gold_D.uasset" 475
"../../../../../Unreal Projects/TestProject/Content/StarterContent/Materials/M_Metal_Gold.uasset" 476
"../../../../../Unreal Projects/TestProject/Content/StarterContent/Textures/T_Metal_Rust_D.uasset" 477
"../../../../../Unreal Projects/TestProject/Content/StarterContent/Materials/M_Metal_Rust.uasset" 478
"../../../../../Unreal Projects/TestProject/Content/StarterContent/Textures/T_Metal_Steel_D.uasset" 479
"../../../../../Unreal Projects/TestProject/Content/StarterContent/Textures/T_Metal_Steel_N.uasset" 480
"../../../../../Unreal Projects/TestProject/Content/StarterContent/Materials/M_Metal_Steel.uasset" 481
"../../../../../Unreal Projects/TestProject/Content/StarterContent/Textures/T_Rock_Basalt_N.uasset" 482
"../../../../../Unreal Projects/TestProject/Content/StarterContent/Materials/M_Rock_Basalt.uasset" 483
"../../../../../Unreal Projects/TestProject/Content/StarterContent/Materials/M_Rock_Marble_Polished.uasset" 484
"../../../../../Unreal Projects/TestProject/Content/StarterContent/Textures/T_Rock_Sandstone_D.uasset" 485
"../../../../../Unreal Projects/TestProject/Content/StarterContent/Textures/T_Rock_Sandstone_N.uasset" 486
"../../../../../Unreal Projects/TestProject/Content/StarterContent/Materials/M_Rock_Sandstone.uasset" 487
"../../../../../Unreal Projects/TestProject/Content/StarterContent/Textures/T_Rock_Slate_D.uasset" 488
"../../../../../Unreal Projects/TestProject/Content/StarterContent/Textures/T_Rock_Slate_N.uasset" 489
"../../../../../Unreal Projects/TestProject/Content/StarterContent/Materials/M_Rock_Slate.uasset" 490
"../../../../../Unreal Projects/TestProject/Content/StarterContent/Textures/T_Checker_Noise_M.uasset" 491
"../../../../../Unreal Projects/TestProject/Content/StarterContent/Textures/T_Single_Tile_N.uasset" 492
"../../../../../Unreal Projects/TestProject/Content/StarterContent/Textures/T_Tech_Dot_M.uasset" 493
"../../../../../Unreal Projects/TestProject/Content/StarterContent/Textures/T_Tech_Dot_N.uasset" 494
"../../../../../Unreal Projects/TestProject/Content/StarterContent/Materials/M_Tech_Checker_Dot.uasset" 495
"../../../../../Unreal Projects/TestProject/Content/StarterContent/Textures/T_Tech_Hex_Tile_M.uasset" 496
"../../../../../Unreal Projects/TestProject/Content/StarterContent/Textures/T_Tech_Hex_Tile_N.uasset" 497
"../../../../../Unreal Projects/TestProject/Content/StarterContent/Materials/M_Tech_Hex_Tile.uasset" 498
"../../../../../Unreal Projects/TestProject/Content/StarterContent/Materials/M_Tech_Hex_Tile_Pulse.uasset" 499
"../../../../../Unreal Projects/TestProject/Content/StarterContent/Textures/T_Tech_Panel_M.uasset" 500
"../../../../../Unreal Projects/TestProject/Content/StarterContent/Textures/T_Tech_Panel_N.uasset" 501
"../../../../../Unreal Projects/TestProject/Content/StarterContent/Materials/M_Tech_Panel.uasset" 502
"../../../../../Unreal Projects/TestProject/Content/StarterContent/Materials/M_Water_Lake.uasset" 503
"../../../../../Unreal Projects/TestProject/Content/StarterContent/Textures/T_Water_M.uasset" 504
"../../../../../Unreal Projects/TestProject/Content/StarterContent/Materials/M_Water_Ocean.uasset" 505
"../../../../../Unreal Projects/TestProject/Content/StarterContent/Textures/T_Wood_Floor_Walnut_D.uasset" 506
"../../../../../Unreal Projects/TestProject/Content/StarterContent/Textures/T_Wood_Floor_Walnut_M.uasset" 507
"../../../../../Unreal Projects/TestProject/Content/StarterContent/Textures/T_Wood_Floor_Walnut_N.uasset" 508
"../../../../../Unreal Projects/TestProject/Content/StarterContent/Materials/M_Wood_Floor_Walnut_Polished.uasset" 509
"../../../Engine/Content/Functions/Engine_MaterialFunctions01/Opacity/AlphaOffset.uasset" 510
"../../../../../Unreal Projects/TestProject/Content/StarterContent/Materials/M_Wood_Floor_Walnut_Worn.uasset" 511
"../../../../../Unreal Projects/TestProject/Content/StarterContent/Textures/T_Wood_Oak_D.uasset" 512
"../../../../../Unreal Projects/TestProject/Content/StarterContent/Textures/T_Wood_Oak_N.uasset" 513
"../../../../../Unreal Projects/TestProject/Content/StarterContent/Materials/M_Wood_Oak.uasset" 514
"../../../../../Unreal Projects/TestProject/Content/StarterContent/Textures/T_Wood_Pine_D.uasset" 515
"../../../../../Unreal Projects/TestProject/Content/StarterContent/Textures/T_Wood_Pine_N.uasset" 516
"../../../../../Unreal Projects/TestProject/Content/StarterContent/Materials/M_Wood_Pine.uasset" 517
"../../../../../Unreal Projects/TestProject/Content/StarterContent/Textures/T_Wood_Walnut_D.uasset" 518
"../../../../../Unreal Projects/TestProject/Content/StarterContent/Textures/T_Wood_Walnut_N.uasset" 519
"../../../../../Unreal Projects/TestProject/Content/StarterContent/Materials/M_Wood_Walnut.uasset" 520
"../../../../../Unreal Projects/TestProject/Content/StarterContent/Architecture/Wall_400x200.uasset" 521
"../../../../../Unreal Projects/TestProject/Content/StarterContent/Architecture/Wall_Door_400x300.uasset" 522
"../../../../../Unreal Projects/TestProject/Content/StarterContent/Architecture/Wall_Window_400x300.uasset" 523
"../../../../../Unreal Projects/TestProject/Content/StarterContent/Audio/Collapse_Cue.uasset" 524
"../../../../../Unreal Projects/TestProject/Content/StarterContent/Audio/Starter_Music_Cue.uasset" 525
"../../../../../Unreal Projects/TestProject/Content/StarterContent/Textures/T_Dust_Particle_D.uasset" 526
"../../../../../Unreal Projects/TestProject/Content/StarterContent/Particles/Materials/M_Dust_Particle.uasset" 527
"../../../../../Unreal Projects/TestProject/Content/StarterContent/Particles/P_Ambient_Dust.uasset" 528
"../../../../../Unreal Projects/TestProject/Content/StarterContent/Props/MaterialSphere.uasset" 529
"../../../../../Unreal Projects/TestProject/Content/StarterContent/Props/SM_CornerFrame.uasset" 530
"../../../../../Unreal Projects/TestProject/Content/StarterContent/Props/SM_GlassWindow.uasset" 531
"../../../../../Unreal Projects/TestProject/Content/StarterContent/Props/SM_PillarFrame.uasset" 532
"../../../../../Unreal Projects/TestProject/Content/StarterContent/Props/SM_PillarFrame300.uasset" 533
"../../../../../Unreal Projects/TestProject/Content/StarterContent/Props/SM_WindowFrame.uasset" 534
"../../../../../Unreal Projects/TestProject/Content/StarterContent/Shapes/Shape_Cube.uasset" 535
"../../../../../Unreal Projects/TestProject/Content/StarterContent/Shapes/Shape_QuadPyramid.uasset" 536
"../../../../../Unreal Projects/TestProject/Content/StarterContent/Shapes/Shape_Sphere.uasset" 537
"../../../../../Unreal Projects/TestProject/Content/StarterContent/Maps/StarterMap.umap" 538
"../../../Engine/Content/Maps/Entry_BuiltData.uasset" 539
"../../../Engine/Content/Maps/Entry.umap" 540
